<?xml version="1.0" encoding="UTF-8"?>
<!-- Generated by org.testng.reporters.JUnitXMLReporter -->
<testsuite ignored="0" hostname="Nikhil" failures="0" tests="14" name="Failing classes sequential" time="44.73" errors="0" timestamp="2026-06-05T11:56:04 IST">
  <testcase classname="com.saucedemo.base.BaseTest" name="@BeforeMethod setUp" time="2.758">
    <failure type="org.openqa.selenium.SessionNotCreatedException" message="Could not start a new session. Response code 500. Message: session not created: Chrome instance exited. Examine ChromeDriver verbose log to determine the cause. 
Host info: host: &amp;apos;NIKHIL&amp;apos;, ip: &amp;apos;172.27.0.1&amp;apos;
Build info: version: &amp;apos;4.27.0&amp;apos;, revision: &amp;apos;d6e718d134&amp;apos;
System info: os.name: &amp;apos;Windows 11&amp;apos;, os.arch: &amp;apos;amd64&amp;apos;, os.version: &amp;apos;10.0&amp;apos;, java.version: &amp;apos;25.0.2&amp;apos;
Driver info: org.openqa.selenium.chrome.ChromeDriver
Command: [null, newSession {capabilities=[Capabilities {browserName: chrome, goog:chromeOptions: {args: [--headless=new, --no-sandbox, --disable-dev-shm-usage, --disable-gpu, --window-size=1920,1080, --remote-allow-origins=*], binary: C:\Program Files\Google\Chr..., extensions: []}}]}]">
      <![CDATA[org.openqa.selenium.SessionNotCreatedException: Could not start a new session. Response code 500. Message: session not created: Chrome instance exited. Examine ChromeDriver verbose log to determine the cause. 
Host info: host: 'NIKHIL', ip: '172.27.0.1'
Build info: version: '4.27.0', revision: 'd6e718d134'
System info: os.name: 'Windows 11', os.arch: 'amd64', os.version: '10.0', java.version: '25.0.2'
Driver info: org.openqa.selenium.chrome.ChromeDriver
Command: [null, newSession {capabilities=[Capabilities {browserName: chrome, goog:chromeOptions: {args: [--headless=new, --no-sandbox, --disable-dev-shm-usage, --disable-gpu, --window-size=1920,1080, --remote-allow-origins=*], binary: C:\Program Files\Google\Chr..., extensions: []}}]}]
at org.openqa.selenium.remote.ProtocolHandshake.createSession(ProtocolHandshake.java:114)
at org.openqa.selenium.remote.ProtocolHandshake.createSession(ProtocolHandshake.java:75)
at org.openqa.selenium.remote.ProtocolHandshake.createSession(ProtocolHandshake.java:61)
at org.openqa.selenium.remote.HttpCommandExecutor.execute(HttpCommandExecutor.java:162)
at org.openqa.selenium.remote.service.DriverCommandExecutor.invokeExecute(DriverCommandExecutor.java:216)
at org.openqa.selenium.remote.service.DriverCommandExecutor.execute(DriverCommandExecutor.java:174)
at org.openqa.selenium.remote.RemoteWebDriver.execute(RemoteWebDriver.java:545)
at org.openqa.selenium.remote.RemoteWebDriver.startSession(RemoteWebDriver.java:245)
at org.openqa.selenium.remote.RemoteWebDriver.<init>(RemoteWebDriver.java:174)
at org.openqa.selenium.chromium.ChromiumDriver.<init>(ChromiumDriver.java:114)
at org.openqa.selenium.chrome.ChromeDriver.<init>(ChromeDriver.java:88)
at org.openqa.selenium.chrome.ChromeDriver.<init>(ChromeDriver.java:83)
at org.openqa.selenium.chrome.ChromeDriver.<init>(ChromeDriver.java:72)
at com.saucedemo.driver.DriverFactory.initDriver(DriverFactory.java:40)
at com.saucedemo.base.BaseTest.setUp(BaseTest.java:20)
at java.base/java.util.ArrayList.forEach(ArrayList.java:1604)
... Removed 33 stack frames]]>
    </failure>
  </testcase> <!-- @BeforeMethod setUp -->
  <testcase classname="com.saucedemo.tests.EndToEndTests" name="cartModificationFlow" time="0.0">
    <skipped/>
  </testcase> <!-- cartModificationFlow -->
  <testcase classname="com.saucedemo.tests.EndToEndTests" name="multipleProductPurchase" time="0.0">
    <skipped/>
  </testcase> <!-- multipleProductPurchase -->
  <testcase classname="com.saucedemo.tests.EndToEndTests" name="purchaseThenContinueShopping" time="0.0">
    <skipped/>
  </testcase> <!-- purchaseThenContinueShopping -->
  <testcase classname="com.saucedemo.tests.EndToEndTests" name="purchaseThenLogout" time="0.001">
    <skipped/>
  </testcase> <!-- purchaseThenLogout -->
  <testcase classname="com.saucedemo.tests.EndToEndTests" name="singleProductPurchase" time="0.0">
    <skipped/>
  </testcase> <!-- singleProductPurchase -->
  <testcase classname="com.saucedemo.tests.LogoutTests" name="logout" time="1.513"/>
  <testcase classname="com.saucedemo.tests.SessionTests" name="directUrlBlocked" time="0.311"/>
  <testcase classname="com.saucedemo.tests.SessionTests" name="noAccessAfterLogoutBack" time="2.829"/>
  <testcase classname="com.saucedemo.tests.NegativeCheckoutTests" name="checkoutValidation" time="0.65"/>
  <testcase classname="com.saucedemo.tests.NegativeCheckoutTests" name="checkoutValidation" time="0.576"/>
  <testcase classname="com.saucedemo.tests.NegativeCheckoutTests" name="checkoutValidation" time="0.486"/>
  <testcase classname="com.saucedemo.tests.NegativeCheckoutTests" name="checkoutValidation" time="0.354"/>
  <testcase classname="com.saucedemo.tests.NegativeCartTests" name="emptyCartHasNoProducts" time="0.17"/>
  <testcase classname="com.saucedemo.tests.NegativeCartTests" name="removedProductNotInCart" time="0.493"/>
</testsuite> <!-- Failing classes sequential -->
