<?xml version="1.0" encoding="UTF-8"?>
<!-- Generated by org.testng.reporters.JUnitXMLReporter -->
<testsuite ignored="0" hostname="Nikhil" failures="0" tests="5" name="End To End Tests" time="19.698" errors="0" timestamp="2026-06-05T11:59:15 IST">
  <testcase classname="com.saucedemo.tests.EndToEndTests" name="cartModificationFlow" time="1.988"/>
  <testcase classname="com.saucedemo.tests.EndToEndTests" name="multipleProductPurchase" time="1.796"/>
  <testcase classname="com.saucedemo.tests.EndToEndTests" name="purchaseThenContinueShopping" time="1.787"/>
  <testcase classname="com.saucedemo.tests.EndToEndTests" name="purchaseThenLogout" time="2.371"/>
  <testcase classname="com.saucedemo.tests.EndToEndTests" name="singleProductPurchase" time="2.064"/>
</testsuite> <!-- End To End Tests -->
