<?xml version="1.0" encoding="UTF-8"?>
<!-- Generated by org.testng.reporters.JUnitXMLReporter -->
<testsuite ignored="0" hostname="Nikhil" failures="0" tests="15" name="Negative Tests" time="31.565" errors="0" timestamp="2026-06-05T11:58:56 IST">
  <testcase classname="com.saucedemo.tests.NegativeLoginTests" name="lockedOutUser" time="1.097"/>
  <testcase classname="com.saucedemo.tests.NegativeCheckoutTests" name="checkoutValidation" time="1.205"/>
  <testcase classname="com.saucedemo.tests.NegativeLoginTests" name="loginFailsWithError" time="1.8"/>
  <testcase classname="com.saucedemo.tests.NegativeCheckoutTests" name="checkoutValidation" time="0.744"/>
  <testcase classname="com.saucedemo.tests.NegativeLoginTests" name="loginFailsWithError" time="0.693"/>
  <testcase classname="com.saucedemo.tests.NegativeLoginTests" name="loginFailsWithError" time="0.667"/>
  <testcase classname="com.saucedemo.tests.NegativeCheckoutTests" name="checkoutValidation" time="1.13"/>
  <testcase classname="com.saucedemo.tests.NegativeLoginTests" name="loginFailsWithError" time="1.323"/>
  <testcase classname="com.saucedemo.tests.NegativeCheckoutTests" name="checkoutValidation" time="0.502"/>
  <testcase classname="com.saucedemo.tests.NegativeLoginTests" name="loginFailsWithError" time="1.349"/>
  <testcase classname="com.saucedemo.tests.SessionTests" name="directUrlBlocked" time="0.318"/>
  <testcase classname="com.saucedemo.tests.NegativeLoginTests" name="loginFailsWithError" time="0.84"/>
  <testcase classname="com.saucedemo.tests.NegativeCartTests" name="emptyCartHasNoProducts" time="0.212"/>
  <testcase classname="com.saucedemo.tests.SessionTests" name="noAccessAfterLogoutBack" time="1.986"/>
  <testcase classname="com.saucedemo.tests.NegativeCartTests" name="removedProductNotInCart" time="0.473"/>
</testsuite> <!-- Negative Tests -->
