<?xml version="1.0" encoding="UTF-8"?>
<!-- Generated by org.testng.reporters.JUnitXMLReporter -->
<testsuite ignored="0" hostname="Nikhil" failures="0" tests="20" name="Positive Tests" time="54.443" errors="0" timestamp="2026-06-05T11:58:24 IST">
  <testcase classname="com.saucedemo.tests.ProductTests" name="allProductsDisplayed" time="0.052"/>
  <testcase classname="com.saucedemo.tests.PositiveLoginTests" name="loginWithValidUsers" time="1.284"/>
  <testcase classname="com.saucedemo.tests.PositiveLoginTests" name="loginWithValidUsers" time="0.911"/>
  <testcase classname="com.saucedemo.tests.ProductTests" name="productDetailsDisplayed" time="0.455"/>
  <testcase classname="com.saucedemo.tests.ProductTests" name="sortByNameAtoZ" time="0.19"/>
  <testcase classname="com.saucedemo.tests.ProductTests" name="sortByPriceLowToHigh" time="0.266"/>
  <testcase classname="com.saucedemo.tests.PositiveLoginTests" name="loginWithValidUsers" time="6.719"/>
  <testcase classname="com.saucedemo.tests.CartTests" name="addMultipleProducts" time="2.967"/>
  <testcase classname="com.saucedemo.tests.PositiveLoginTests" name="loginWithValidUsers" time="3.404"/>
  <testcase classname="com.saucedemo.tests.PositiveLoginTests" name="loginWithValidUsers" time="0.981"/>
  <testcase classname="com.saucedemo.tests.CartTests" name="addSingleProduct" time="0.241"/>
  <testcase classname="com.saucedemo.tests.PositiveLoginTests" name="productsPageDisplayedAfterLogin" time="1.167"/>
  <testcase classname="com.saucedemo.tests.CartTests" name="cartBadgeUpdates" time="0.428"/>
  <testcase classname="com.saucedemo.tests.CartTests" name="removeProductFromCart" time="0.503"/>
  <testcase classname="com.saucedemo.tests.CheckoutTests" name="completePurchase" time="1.205"/>
  <testcase classname="com.saucedemo.tests.CartTests" name="viewCartProducts" time="0.534"/>
  <testcase classname="com.saucedemo.tests.CheckoutTests" name="navigateToCheckoutInfo" time="0.373"/>
  <testcase classname="com.saucedemo.tests.LogoutTests" name="logout" time="1.767"/>
  <testcase classname="com.saucedemo.tests.CheckoutTests" name="orderSummaryDisplayed" time="0.872"/>
  <testcase classname="com.saucedemo.tests.CheckoutTests" name="provideValidCheckoutInfo" time="0.649"/>
</testsuite> <!-- Positive Tests -->
