<?xml version="1.0" encoding="UTF-8"?>
<!-- Generated by org.testng.reporters.JUnitReportReporter -->
<testsuite hostname="Nikhil" failures="0" tests="2" name="com.saucedemo.tests.SessionTests" time="7.841" errors="0" timestamp="2026-06-05T11:59:16 IST" skipped="0">
  <testcase classname="com.saucedemo.tests.SessionTests" name="directUrlBlocked" time="3.216"/>
  <testcase classname="com.saucedemo.tests.SessionTests" name="noAccessAfterLogoutBack" time="4.625"/>
</testsuite> <!-- com.saucedemo.tests.SessionTests -->
