<?xml version="1.0" encoding="UTF-8"?>
<!-- Generated by org.testng.reporters.JUnitReportReporter -->
<testsuite hostname="Nikhil" failures="0" tests="4" name="com.saucedemo.tests.NegativeCheckoutTests" time="20.689" errors="0" timestamp="2026-06-05T11:59:16 IST" skipped="0">
  <testcase classname="com.saucedemo.tests.NegativeCheckoutTests" name="checkoutValidation" time="4.717"/>
  <testcase classname="com.saucedemo.tests.NegativeCheckoutTests" name="checkoutValidation" time="5.421"/>
  <testcase classname="com.saucedemo.tests.NegativeCheckoutTests" name="checkoutValidation" time="5.418"/>
  <testcase classname="com.saucedemo.tests.NegativeCheckoutTests" name="checkoutValidation" time="5.133"/>
</testsuite> <!-- com.saucedemo.tests.NegativeCheckoutTests -->
