<?xml version="1.0" encoding="UTF-8"?>
<!-- Generated by org.testng.reporters.JUnitReportReporter -->
<testsuite hostname="Nikhil" failures="0" tests="7" name="com.saucedemo.tests.NegativeLoginTests" time="24.604" errors="0" timestamp="2026-06-05T11:59:16 IST" skipped="0">
  <testcase classname="com.saucedemo.tests.NegativeLoginTests" name="lockedOutUser" time="3.328"/>
  <testcase classname="com.saucedemo.tests.NegativeLoginTests" name="loginFailsWithError" time="3.624"/>
  <testcase classname="com.saucedemo.tests.NegativeLoginTests" name="loginFailsWithError" time="3.614"/>
  <testcase classname="com.saucedemo.tests.NegativeLoginTests" name="loginFailsWithError" time="3.564"/>
  <testcase classname="com.saucedemo.tests.NegativeLoginTests" name="loginFailsWithError" time="3.504"/>
  <testcase classname="com.saucedemo.tests.NegativeLoginTests" name="loginFailsWithError" time="3.733"/>
  <testcase classname="com.saucedemo.tests.NegativeLoginTests" name="loginFailsWithError" time="3.237"/>
</testsuite> <!-- com.saucedemo.tests.NegativeLoginTests -->
