<?xml version="1.0" encoding="UTF-8"?>
<!-- Generated by org.testng.reporters.JUnitReportReporter -->
<testsuite hostname="Nikhil" failures="0" tests="4" name="com.saucedemo.tests.CheckoutTests" time="17.144" errors="0" timestamp="2026-06-05T11:59:16 IST" skipped="0">
  <testcase classname="com.saucedemo.tests.CheckoutTests" name="provideValidCheckoutInfo" time="4.436"/>
  <testcase classname="com.saucedemo.tests.CheckoutTests" name="navigateToCheckoutInfo" time="3.208"/>
  <testcase classname="com.saucedemo.tests.CheckoutTests" name="orderSummaryDisplayed" time="4.436"/>
  <testcase classname="com.saucedemo.tests.CheckoutTests" name="completePurchase" time="5.064"/>
</testsuite> <!-- com.saucedemo.tests.CheckoutTests -->
