<?xml version="1.0" encoding="UTF-8"?>
<!-- Generated by org.testng.reporters.JUnitReportReporter -->
<testsuite hostname="Nikhil" failures="0" tests="4" name="com.saucedemo.tests.ProductTests" time="16.261" errors="0" timestamp="2026-06-05T11:59:16 IST" skipped="0">
  <testcase classname="com.saucedemo.tests.ProductTests" name="sortByNameAtoZ" time="3.988"/>
  <testcase classname="com.saucedemo.tests.ProductTests" name="allProductsDisplayed" time="3.834"/>
  <testcase classname="com.saucedemo.tests.ProductTests" name="sortByPriceLowToHigh" time="5.181"/>
  <testcase classname="com.saucedemo.tests.ProductTests" name="productDetailsDisplayed" time="3.258"/>
</testsuite> <!-- com.saucedemo.tests.ProductTests -->
