<?xml version="1.0" encoding="UTF-8"?>
<!-- Generated by org.testng.reporters.JUnitReportReporter -->
<testsuite hostname="Nikhil" failures="0" tests="2" name="com.saucedemo.tests.NegativeCartTests" time="6.945" errors="0" timestamp="2026-06-05T11:59:16 IST" skipped="0">
  <testcase classname="com.saucedemo.tests.NegativeCartTests" name="emptyCartHasNoProducts" time="3.836"/>
  <testcase classname="com.saucedemo.tests.NegativeCartTests" name="removedProductNotInCart" time="3.109"/>
</testsuite> <!-- com.saucedemo.tests.NegativeCartTests -->
