<?xml version="1.0" encoding="UTF-8"?>
<!-- Generated by org.testng.reporters.JUnitReportReporter -->
<testsuite hostname="Nikhil" failures="0" tests="5" name="com.saucedemo.tests.CartTests" time="29.536" errors="0" timestamp="2026-06-05T11:59:16 IST" skipped="0">
  <testcase classname="com.saucedemo.tests.CartTests" name="viewCartProducts" time="7.892"/>
  <testcase classname="com.saucedemo.tests.CartTests" name="cartBadgeUpdates" time="6.850"/>
  <testcase classname="com.saucedemo.tests.CartTests" name="addSingleProduct" time="3.910"/>
  <testcase classname="com.saucedemo.tests.CartTests" name="addMultipleProducts" time="6.044"/>
  <testcase classname="com.saucedemo.tests.CartTests" name="removeProductFromCart" time="4.840"/>
</testsuite> <!-- com.saucedemo.tests.CartTests -->
