<?xml version="1.0" encoding="UTF-8"?>
<!-- Generated by org.testng.reporters.JUnitReportReporter -->
<testsuite hostname="Nikhil" failures="0" tests="6" name="com.saucedemo.tests.PositiveLoginTests" time="37.240" errors="0" timestamp="2026-06-05T11:59:16 IST" skipped="0">
  <testcase classname="com.saucedemo.tests.PositiveLoginTests" name="loginWithValidUsers" time="4.735"/>
  <testcase classname="com.saucedemo.tests.PositiveLoginTests" name="productsPageDisplayedAfterLogin" time="6.804"/>
  <testcase classname="com.saucedemo.tests.PositiveLoginTests" name="loginWithValidUsers" time="9.589"/>
  <testcase classname="com.saucedemo.tests.PositiveLoginTests" name="loginWithValidUsers" time="5.416"/>
  <testcase classname="com.saucedemo.tests.PositiveLoginTests" name="loginWithValidUsers" time="4.384"/>
  <testcase classname="com.saucedemo.tests.PositiveLoginTests" name="loginWithValidUsers" time="6.312"/>
</testsuite> <!-- com.saucedemo.tests.PositiveLoginTests -->
