<?xml version="1.0" encoding="UTF-8"?>
<!-- Generated by org.testng.reporters.JUnitReportReporter -->
<testsuite hostname="Nikhil" failures="0" tests="5" name="com.saucedemo.tests.EndToEndTests" time="19.690" errors="0" timestamp="2026-06-05T11:59:16 IST" skipped="0">
  <testcase classname="com.saucedemo.tests.EndToEndTests" name="singleProductPurchase" time="4.167"/>
  <testcase classname="com.saucedemo.tests.EndToEndTests" name="purchaseThenLogout" time="4.518"/>
  <testcase classname="com.saucedemo.tests.EndToEndTests" name="cartModificationFlow" time="3.325"/>
  <testcase classname="com.saucedemo.tests.EndToEndTests" name="multipleProductPurchase" time="3.871"/>
  <testcase classname="com.saucedemo.tests.EndToEndTests" name="purchaseThenContinueShopping" time="3.809"/>
</testsuite> <!-- com.saucedemo.tests.EndToEndTests -->
